Arguments: 
  C:\Program Files\nodejs\node.exe C:\Program Files (x86)\Yarn\bin\yarn.js add -D @babel/core @babel-loader @babel/preset-env

PATH: 
  C:\Python27\;C:\Python27\Scripts;C:\WINDOWS\system32;C:\WINDOWS;C:\WINDOWS\System32\Wbem;C:\WINDOWS\System32\WindowsPowerShell\v1.0\;C:\WINDOWS\System32\OpenSSH\;C:\Program Files\Git\cmd;C:\Program Files\Git\mingw64\bin;C:\Program Files\Git\usr\bin;C:\ProgramData\chocolatey\bin;C:\Program Files\Java\jdk1.8.0_211\bin;C:\xampp\php;C:\ProgramData\ComposerSetup\bin;C:\ProgramData\chocolatey\lib\Elixir/bin;C:\Program Files (x86)\Yarn\bin\;C:\Program Files\nodejs\;C:\Program Files\MongoDB\Server\4.2\bin;C:\MinGW\bin;C:\WINDOWS\system32;C:\WINDOWS;C:\WINDOWS\System32\Wbem;C:\WINDOWS\System32\WindowsPowerShell\v1.0\;C:\WINDOWS\System32\OpenSSH\;C:\Users\Bhra Khoby\AppData\Local\Android\Sdk\emulator;C:\Users\Bhra Khoby\AppData\Local\Microsoft\WindowsApps;C:\Users\Bhra Khoby\AppData\Roaming\Composer\vendor\bin;C:\Users\Bhra Khoby\AppData\Local\Android\Sdk\platform-tools;C:\Users\Bhra Khoby\AppData\Local\Programs\Microsoft VS Code\bin;C:\Users\Bhra Khoby\AppData\Local\Yarn\bin;C:\Users\Bhra Khoby\AppData\Roaming\npm;C:\Program Files\MongoDB\Server\4.2\bin;C:\MinGW\bin;C:\Users\Bhra Khoby\AppData\Local\atom\bin;C:\Program Files\JetBrains\WebStorm 2019.2\bin;;C:\Users\Bhra Khoby\AppData\Local\Android\Sdk\emulator;

Yarn version: 
  1.17.3

Node version: 
  10.16.3

Platform: 
  win32 x64

Trace: 
  Error: https://registry.yarnpkg.com/@babel-loader: Request "https://registry.yarnpkg.com/@babel-loader" returned a 405
      at Request.params.callback [as _callback] (C:\Program Files (x86)\Yarn\lib\cli.js:65948:18)
      at Request.self.callback (C:\Program Files (x86)\Yarn\lib\cli.js:140464:22)
      at Request.emit (events.js:198:13)
      at Request.<anonymous> (C:\Program Files (x86)\Yarn\lib\cli.js:141436:10)
      at Request.emit (events.js:198:13)
      at IncomingMessage.<anonymous> (C:\Program Files (x86)\Yarn\lib\cli.js:141358:12)
      at Object.onceWrapper (events.js:286:20)
      at IncomingMessage.emit (events.js:203:15)
      at endReadableNT (_stream_readable.js:1145:12)
      at process._tickCallback (internal/process/next_tick.js:63:19)

npm manifest: 
  {
    "name": "cscd-class-project-web",
    "version": "1.0.0",
    "description": "WebTech Assignment ",
    "main": "app.js",
    "scripts": {
      "test": "echo \"Error: no test specified\" && exit 1"
    },
    "repository": {
      "type": "git",
      "url": "git+https://github.com/Khoby-790/cscd-class-project-web.git"
    },
    "author": "Emmanuel Baidoo",
    "license": "MIT",
    "bugs": {
      "url": "https://github.com/Khoby-790/cscd-class-project-web/issues"
    },
    "homepage": "https://github.com/Khoby-790/cscd-class-project-web#readme"
  }

yarn manifest: 
  No manifest

Lockfile: 
  No lockfile
